{"level":"info","message":"GET /","timestamp":"2025-10-25T17:48:19.268Z"}
{"level":"info","message":"GET /","timestamp":"2025-10-26T00:49:31.822Z"}
{"level":"info","message":"GET /api/media","timestamp":"2025-10-26T00:49:49.499Z"}
{"level":"info","message":"GET /favicon.ico","timestamp":"2025-10-26T00:49:49.532Z"}
{"level":"info","message":"GET /","timestamp":"2025-11-01T00:26:59.238Z"}
{"level":"info","message":"GET /api/v2","timestamp":"2025-11-01T00:28:42.150Z"}
{"level":"info","message":"POST /api/v2/auth/login","timestamp":"2025-11-01T00:29:22.596Z"}
{"level":"info","message":"POST /api/v2/auth/login","timestamp":"2025-11-01T00:30:27.910Z"}
{"level":"info","message":"GET /api/v2/users/me","timestamp":"2025-11-01T00:31:17.002Z"}
{"level":"info","message":"GET /api/v2/users/me","timestamp":"2025-11-01T00:31:21.864Z"}
{"level":"info","message":"GET /api/v2/users/me","timestamp":"2025-11-01T00:31:37.725Z"}
{"level":"info","message":"POST /api/v2/auth/login","timestamp":"2025-11-01T00:32:48.028Z"}
{"level":"info","message":"GET /api/v2/users/me","timestamp":"2025-11-01T00:32:59.163Z"}
{"level":"info","message":"POST /api/v2/auth/login","timestamp":"2025-11-01T00:34:35.440Z"}
{"level":"info","message":"GET /api/v2/users/me","timestamp":"2025-11-01T00:36:44.216Z"}
{"level":"info","message":"PATCH /api/v2/users/me","timestamp":"2025-11-01T00:38:23.030Z"}
{"level":"info","message":"PATCH /api/v2/users/me","timestamp":"2025-11-01T00:38:40.817Z"}
{"level":"info","message":"PATCH /api/v2/users/me","timestamp":"2025-11-01T00:38:43.978Z"}
{"level":"info","message":"POST /api/v2/auth/login","timestamp":"2025-11-01T00:41:36.067Z"}
{"level":"info","message":"GET /api/v2/users/671cf1a12a8cbb42cde4a001","timestamp":"2025-11-01T00:41:54.356Z"}
{"level":"info","message":"GET /api/v2/users/671cf1a12a8cbb42cde4a00","timestamp":"2025-11-01T00:42:02.214Z"}
{"level":"info","message":"GET /api/v2/users/671cf1a12a8cbb42cde4a001","timestamp":"2025-11-01T00:42:05.128Z"}
{"level":"info","message":"GET /api/v2/users/671cf1a12a8cbb42cde4a001","timestamp":"2025-11-01T00:42:12.262Z"}
{"level":"info","message":"GET /api/v2/users/671cf1a12a8cbb42cde4a001","timestamp":"2025-11-01T00:42:15.016Z"}
{"level":"info","message":"POST /api/v2/auth/register","timestamp":"2025-11-01T00:43:20.007Z"}
{"level":"info","message":"POST /api/v2/auth/register","timestamp":"2025-11-01T00:43:35.015Z"}
{"level":"info","message":"POST /api/v2/auth/register","timestamp":"2025-11-01T00:43:40.013Z"}
{"level":"info","message":"GET /","timestamp":"2025-11-01T22:27:11.979Z"}
{"level":"info","message":"POST /api/v2/auth/register","timestamp":"2025-11-01T22:32:42.073Z"}
{"level":"info","message":"POST /api/v2/auth/register","timestamp":"2025-11-01T22:32:52.739Z"}
{"level":"info","message":"POST /api/v2/auth/login","timestamp":"2025-11-01T22:33:00.292Z"}
{"level":"info","message":"POST /api/v2/auth/login","timestamp":"2025-11-01T22:33:03.153Z"}
{"level":"info","message":"GET /api/v2/users/me","timestamp":"2025-11-01T22:33:10.020Z"}
{"level":"info","message":"GET /api/v2/users/me","timestamp":"2025-11-01T22:33:16.323Z"}
{"level":"info","message":"GET /api/v2/users/me","timestamp":"2025-11-01T22:33:51.203Z"}
{"level":"info","message":"PATCH /api/v2/users/me","timestamp":"2025-11-01T22:33:55.030Z"}
{"level":"info","message":"PATCH /api/v2/users/me","timestamp":"2025-11-01T22:34:04.724Z"}
{"level":"info","message":"GET /api/v2/users/671cf1a12a8cbb42cde4a002","timestamp":"2025-11-01T22:34:10.015Z"}
{"level":"info","message":"GET /api/v2/users/671cf1a12a8cbb42cde4a002","timestamp":"2025-11-01T22:34:30.232Z"}
{"level":"info","message":"GET /api/v2/users/671cf1a12a8cbb42cde4a002","timestamp":"2025-11-01T22:34:39.648Z"}
{"level":"info","message":"GET /api/v2/movies?title=neon&genre=drama","timestamp":"2025-11-01T22:35:07.536Z"}
{"level":"info","message":"POST /api/v2/auth/login","timestamp":"2025-11-01T22:35:34.986Z"}
{"level":"info","message":"POST /api/v2/auth/login","timestamp":"2025-11-01T22:35:39.066Z"}
{"level":"info","message":"POST /api/v2/auth/login","timestamp":"2025-11-01T22:35:42.263Z"}
{"level":"info","message":"POST /api/v2/auth/register","timestamp":"2025-11-01T22:37:07.849Z"}
{"level":"info","message":"POST /api/v2/auth/register","timestamp":"2025-11-01T22:37:34.536Z"}
{"level":"info","message":"POST /api/v2/auth/register","timestamp":"2025-11-01T22:37:40.775Z"}
{"level":"info","message":"POST /api/v2/auth/login","timestamp":"2025-11-01T22:37:44.018Z"}
{"level":"info","message":"POST /api/v2/auth/login","timestamp":"2025-11-01T22:37:46.828Z"}
{"level":"info","message":"GET /api/v2/users/me","timestamp":"2025-11-01T22:37:50.533Z"}
{"level":"info","message":"GET /api/v2/users/me","timestamp":"2025-11-01T22:37:53.272Z"}
{"level":"info","message":"PATCH /api/v2/users/me","timestamp":"2025-11-01T22:37:56.699Z"}
{"level":"info","message":"PATCH /api/v2/users/me","timestamp":"2025-11-01T22:38:25.798Z"}
{"level":"info","message":"PATCH /api/v2/users/me","timestamp":"2025-11-01T22:38:35.499Z"}
{"level":"info","message":"POST /api/v2/auth/login","timestamp":"2025-11-01T22:40:07.720Z"}
{"level":"info","message":"POST /api/v2/auth/login","timestamp":"2025-11-01T22:41:08.486Z"}
{"level":"info","message":"POST /api/v2/auth/register","timestamp":"2025-11-01T22:41:48.795Z"}
{"level":"info","message":"POST /api/v2/auth/register","timestamp":"2025-11-01T22:41:51.472Z"}
{"level":"info","message":"POST /api/v2/auth/login","timestamp":"2025-11-01T22:41:54.174Z"}
{"level":"info","message":"POST /api/v2/auth/login","timestamp":"2025-11-01T22:41:57.605Z"}
{"level":"info","message":"GET /api/v2/users/me","timestamp":"2025-11-01T22:42:00.613Z"}
{"level":"info","message":"GET /api/v2/users/me","timestamp":"2025-11-01T22:42:04.919Z"}
{"level":"info","message":"PATCH /api/v2/users/me","timestamp":"2025-11-01T22:42:07.363Z"}
{"level":"info","message":"GET /api/v2/users/671cf1a12a8cbb42cde4a002","timestamp":"2025-11-01T22:42:11.940Z"}
{"level":"info","message":"GET /api/v2/movies?title=neon&genre=drama","timestamp":"2025-11-01T22:42:15.492Z"}
{"level":"info","message":"POST /api/v2/movies","timestamp":"2025-11-01T22:42:20.125Z"}
{"level":"info","message":"POST /api/v2/movies","timestamp":"2025-11-01T22:43:41.515Z"}
{"level":"info","message":"POST /api/v2/movies","timestamp":"2025-11-01T22:43:49.975Z"}
{"level":"info","message":"PATCH /api/v2/movies/671cf1a12a8cbb42cde4a101","timestamp":"2025-11-01T22:43:53.599Z"}
{"level":"info","message":"PATCH /api/v2/movies/671cf1a12a8cbb42cde4a101","timestamp":"2025-11-01T22:44:35.498Z"}
{"level":"info","message":"DELETE /api/v2/movies/671cf1a12a8cbb42cde4a999","timestamp":"2025-11-01T22:44:41.274Z"}
{"level":"info","message":"POST /api/v2/series/671cf1a12a8cbb42cde4b001/seasons","timestamp":"2025-11-02T03:39:55.113Z"}
{"level":"info","message":"POST /api/v2/series/671cf1a12a8cbb42cde4b001/seasons","timestamp":"2025-11-02T03:40:27.786Z"}
{"level":"info","message":"POST /api/v2/series/671cf1a12a8cbb42cde4b001/seasons","timestamp":"2025-11-02T03:40:33.162Z"}
{"level":"info","message":"POST /api/v2/series/671cf1a12a8cbb42cde4b001/seasons","timestamp":"2025-11-02T03:40:36.496Z"}
{"level":"info","message":"POST /api/v2/series/671cf1a12a8cbb42cde4b001/seasons","timestamp":"2025-11-02T03:41:45.942Z"}
{"level":"info","message":"POST /api/v2/auth/login","timestamp":"2025-11-02T03:42:44.247Z"}
{"level":"info","message":"POST /api/v2/series/671cf1a12a8cbb42cde4b001/seasons","timestamp":"2025-11-02T03:42:57.184Z"}
{"level":"info","message":"POST /api/v2/series/671cf1a12a8cbb42cde4b001/seasons","timestamp":"2025-11-02T03:45:50.762Z"}
